<?xml version="1.0" encoding="UTF-8"?>
<testsuite xmlns:xsi="http://www.w3.org/2001/XMLSchema-instance" xsi:noNamespaceSchemaLocation="https://maven.apache.org/surefire/maven-surefire-plugin/xsd/surefire-test-report-3.0.xsd" version="3.0" name="CalculadoraTest" time="0.084" tests="4" errors="0" skipped="0" failures="0">
  <properties>
[...]
</properties>
  <testcase name="testSumar" classname="CalculadoraTest" time="0.044"/>
  <testcase name="testMultiplicar" classname="CalculadoraTest" time="0.002"/>
  <testcase name="testDividirPorCero" classname="CalculadoraTest" time="0.004"/>
  <testcase name="testDividir" classname="CalculadoraTest" time="0.001"/>
</testsuite>